<?xml version="1.0" encoding="UTF-8"?>
<!-- Generated by org.testng.reporters.JUnitXMLReporter -->
<testsuite ignored="0" hostname="WIN" failures="0" tests="5" name="Default test" time="68.274" errors="0" timestamp="2023-12-05T00:31:03 ICT">
  <testcase classname="automation.testsuite.RoundTrip_Test" name="roundTrip" time="8.876"/>
  <testcase classname="automation.testsuite.ViewDetail_RoundTrip_Test" name="roundTrip" time="9.988"/>
  <testcase classname="automation.testsuite.ViewDetail_RoundTrip_Test" name="viewDetail" time="1.142"/>
  <testcase classname="automation.testsuite.OneWay_Test" name="oneWay" time="5.786"/>
  <testcase classname="automation.testsuite.MultiCity_Test" name="multiCity" time="11.859"/>
</testsuite> <!-- Default test -->
