<?xml version="1.0" encoding="UTF-8"?>
<!-- Generated by org.testng.reporters.JUnitXMLReporter -->
<testsuite ignored="0" hostname="WIN" failures="0" tests="5" name="Default test" time="44.063" errors="0" timestamp="2023-12-07T21:28:54 ICT">
  <testcase classname="automation.testsuite.Projects_Test" name="login" time="2.248"/>
  <testcase classname="automation.testsuite.Projects_Test" name="addProject" time="11.444"/>
  <testcase classname="automation.testsuite.Projects_Test" name="filter" time="5.111"/>
  <testcase classname="automation.testsuite.Projects_Test" name="clear_Filter" time="4.256"/>
  <testcase classname="automation.testsuite.Projects_Test" name="findData" time="11.825"/>
</testsuite> <!-- Default test -->
