<?xml version="1.0" encoding="UTF-8"?>
<!-- Generated by org.testng.reporters.JUnitXMLReporter -->
<testsuite ignored="0" hostname="WIN" failures="0" tests="3" name="Regression Test All class on firefox" time="50.505" errors="0" timestamp="2023-12-05T23:13:06 ICT">
  <testcase classname="automation.testsuite.OneWay_Test" name="oneWay" time="5.64"/>
  <testcase classname="automation.testsuite.RoundTrip_Test" name="roundTrip" time="9.364"/>
  <testcase classname="automation.testsuite.MultiCity_Test" name="multiCity" time="11.932"/>
</testsuite> <!-- Regression Test All class on firefox -->
