<?xml version="1.0" encoding="UTF-8"?>
<!-- Generated by org.testng.reporters.JUnitXMLReporter -->
<testsuite ignored="0" hostname="WIN" failures="0" tests="6" name="Default test" time="89.404" errors="0" timestamp="2023-12-05T10:45:39 ICT">
  <testcase classname="automation.testsuite.OrderProduct_Test" name="orderProductSuccess" time="14.011"/>
  <testcase classname="automation.testsuite.OrderProduct_Test" name="orderProduc_Fail_BlankHoVaTen" time="13.21"/>
  <testcase classname="automation.testsuite.OrderProduct_Test" name="orderProduc_Fail_BlankSDT" time="13.597"/>
  <testcase classname="automation.testsuite.OrderProduct_Test" name="orderProduc_Fail_SDT_Invalid" time="13.528"/>
  <testcase classname="automation.testsuite.OrderProduct_Test" name="orderProduc_Fail_BlankDiaChi" time="13.081"/>
  <testcase classname="automation.testsuite.OrderProduct_Test" name="orderProduc_Fail_BlankAll" time="12.968"/>
</testsuite> <!-- Default test -->
