<?xml version="1.0" encoding="UTF-8"?>
<!-- Generated by org.testng.reporters.JUnitXMLReporter -->
<testsuite ignored="0" hostname="WIN" failures="0" tests="6" name="Default test" time="80.404" errors="0" timestamp="2023-12-05T02:18:24 ICT">
  <testcase classname="automation.testsuite.OrderProduct_Test" name="orderProductSuccess" time="12.859"/>
  <testcase classname="automation.testsuite.OrderProduct_Test" name="orderProduc_Fail_BlankHoVaTen" time="11.328"/>
  <testcase classname="automation.testsuite.OrderProduct_Test" name="orderProduc_Fail_BlankSDT" time="11.298"/>
  <testcase classname="automation.testsuite.OrderProduct_Test" name="orderProduc_Fail_SDT_Invalid" time="11.754"/>
  <testcase classname="automation.testsuite.OrderProduct_Test" name="orderProduc_Fail_BlankDiaChi" time="12.321"/>
  <testcase classname="automation.testsuite.OrderProduct_Test" name="orderProduc_Fail_BlankAll" time="11.816"/>
</testsuite> <!-- Default test -->
