<?xml version="1.0" encoding="UTF-8"?>
<testng-results ignored="0" total="6" passed="6" failed="0" skipped="0">
  <reporter-output>
  </reporter-output>
  <suite started-at="2023-12-05T02:17:04 ICT" name="Default suite" finished-at="2023-12-05T02:18:24 ICT" duration-ms="80404">
    <groups>
    </groups>
    <test started-at="2023-12-05T02:17:04 ICT" name="Default test" finished-at="2023-12-05T02:18:24 ICT" duration-ms="80404">
      <class name="automation.testsuite.OrderProduct_Test">
        <test-method is-config="true" signature="openChromeBrowser()[pri:0, instance:automation.testsuite.OrderProduct_Test@66f57048]" started-at="2023-12-05T02:17:04 ICT" name="openChromeBrowser" finished-at="2023-12-05T02:17:09 ICT" duration-ms="5758" status="PASS">
          <reporter-output>
          </reporter-output>
        </test-method> <!-- openChromeBrowser -->
        <test-method signature="orderProductSuccess()[pri:1, instance:automation.testsuite.OrderProduct_Test@66f57048]" started-at="2023-12-05T02:17:09 ICT" name="orderProductSuccess" finished-at="2023-12-05T02:17:22 ICT" duration-ms="12859" status="PASS">
          <reporter-output>
          </reporter-output>
        </test-method> <!-- orderProductSuccess -->
        <test-method signature="orderProduc_Fail_BlankHoVaTen()[pri:2, instance:automation.testsuite.OrderProduct_Test@66f57048]" started-at="2023-12-05T02:17:22 ICT" name="orderProduc_Fail_BlankHoVaTen" finished-at="2023-12-05T02:17:34 ICT" duration-ms="11328" status="PASS">
          <reporter-output>
          </reporter-output>
        </test-method> <!-- orderProduc_Fail_BlankHoVaTen -->
        <test-method signature="orderProduc_Fail_BlankSDT()[pri:3, instance:automation.testsuite.OrderProduct_Test@66f57048]" started-at="2023-12-05T02:17:34 ICT" name="orderProduc_Fail_BlankSDT" finished-at="2023-12-05T02:17:45 ICT" duration-ms="11298" status="PASS">
          <reporter-output>
          </reporter-output>
        </test-method> <!-- orderProduc_Fail_BlankSDT -->
        <test-method signature="orderProduc_Fail_SDT_Invalid()[pri:4, instance:automation.testsuite.OrderProduct_Test@66f57048]" started-at="2023-12-05T02:17:45 ICT" name="orderProduc_Fail_SDT_Invalid" finished-at="2023-12-05T02:17:57 ICT" duration-ms="11754" status="PASS">
          <reporter-output>
          </reporter-output>
        </test-method> <!-- orderProduc_Fail_SDT_Invalid -->
        <test-method signature="orderProduc_Fail_BlankDiaChi()[pri:5, instance:automation.testsuite.OrderProduct_Test@66f57048]" started-at="2023-12-05T02:17:57 ICT" name="orderProduc_Fail_BlankDiaChi" finished-at="2023-12-05T02:18:09 ICT" duration-ms="12321" status="PASS">
          <reporter-output>
          </reporter-output>
        </test-method> <!-- orderProduc_Fail_BlankDiaChi -->
        <test-method signature="orderProduc_Fail_BlankAll()[pri:6, instance:automation.testsuite.OrderProduct_Test@66f57048]" started-at="2023-12-05T02:18:09 ICT" name="orderProduc_Fail_BlankAll" finished-at="2023-12-05T02:18:21 ICT" duration-ms="11816" status="PASS">
          <reporter-output>
          </reporter-output>
        </test-method> <!-- orderProduc_Fail_BlankAll -->
        <test-method is-config="true" signature="closeChromeBrowser()[pri:0, instance:automation.testsuite.OrderProduct_Test@66f57048]" started-at="2023-12-05T02:18:21 ICT" name="closeChromeBrowser" finished-at="2023-12-05T02:18:24 ICT" duration-ms="3224" status="PASS">
          <reporter-output>
          </reporter-output>
        </test-method> <!-- closeChromeBrowser -->
      </class> <!-- automation.testsuite.OrderProduct_Test -->
    </test> <!-- Default test -->
  </suite> <!-- Default suite -->
</testng-results>
