<?xml version="1.0" encoding="UTF-8"?>
<testng-results ignored="0" total="6" passed="6" failed="0" skipped="0">
  <reporter-output>
  </reporter-output>
  <suite started-at="2023-12-05T10:44:10 ICT" name="Default suite" finished-at="2023-12-05T10:45:39 ICT" duration-ms="89404">
    <groups>
    </groups>
    <test started-at="2023-12-05T10:44:10 ICT" name="Default test" finished-at="2023-12-05T10:45:39 ICT" duration-ms="89404">
      <class name="automation.testsuite.OrderProduct_Test">
        <test-method is-config="true" signature="openChromeBrowser()[pri:0, instance:automation.testsuite.OrderProduct_Test@66f57048]" started-at="2023-12-05T10:44:10 ICT" name="openChromeBrowser" finished-at="2023-12-05T10:44:16 ICT" duration-ms="5766" status="PASS">
          <reporter-output>
          </reporter-output>
        </test-method> <!-- openChromeBrowser -->
        <test-method signature="orderProductSuccess()[pri:1, instance:automation.testsuite.OrderProduct_Test@66f57048]" started-at="2023-12-05T10:44:16 ICT" name="orderProductSuccess" finished-at="2023-12-05T10:44:30 ICT" duration-ms="14011" status="PASS">
          <reporter-output>
          </reporter-output>
        </test-method> <!-- orderProductSuccess -->
        <test-method signature="orderProduc_Fail_BlankHoVaTen()[pri:2, instance:automation.testsuite.OrderProduct_Test@66f57048]" started-at="2023-12-05T10:44:30 ICT" name="orderProduc_Fail_BlankHoVaTen" finished-at="2023-12-05T10:44:43 ICT" duration-ms="13210" status="PASS">
          <reporter-output>
          </reporter-output>
        </test-method> <!-- orderProduc_Fail_BlankHoVaTen -->
        <test-method signature="orderProduc_Fail_BlankSDT()[pri:3, instance:automation.testsuite.OrderProduct_Test@66f57048]" started-at="2023-12-05T10:44:43 ICT" name="orderProduc_Fail_BlankSDT" finished-at="2023-12-05T10:44:56 ICT" duration-ms="13597" status="PASS">
          <reporter-output>
          </reporter-output>
        </test-method> <!-- orderProduc_Fail_BlankSDT -->
        <test-method signature="orderProduc_Fail_SDT_Invalid()[pri:4, instance:automation.testsuite.OrderProduct_Test@66f57048]" started-at="2023-12-05T10:44:56 ICT" name="orderProduc_Fail_SDT_Invalid" finished-at="2023-12-05T10:45:10 ICT" duration-ms="13528" status="PASS">
          <reporter-output>
          </reporter-output>
        </test-method> <!-- orderProduc_Fail_SDT_Invalid -->
        <test-method signature="orderProduc_Fail_BlankDiaChi()[pri:5, instance:automation.testsuite.OrderProduct_Test@66f57048]" started-at="2023-12-05T10:45:10 ICT" name="orderProduc_Fail_BlankDiaChi" finished-at="2023-12-05T10:45:23 ICT" duration-ms="13081" status="PASS">
          <reporter-output>
          </reporter-output>
        </test-method> <!-- orderProduc_Fail_BlankDiaChi -->
        <test-method signature="orderProduc_Fail_BlankAll()[pri:6, instance:automation.testsuite.OrderProduct_Test@66f57048]" started-at="2023-12-05T10:45:23 ICT" name="orderProduc_Fail_BlankAll" finished-at="2023-12-05T10:45:36 ICT" duration-ms="12968" status="PASS">
          <reporter-output>
          </reporter-output>
        </test-method> <!-- orderProduc_Fail_BlankAll -->
        <test-method is-config="true" signature="closeChromeBrowser()[pri:0, instance:automation.testsuite.OrderProduct_Test@66f57048]" started-at="2023-12-05T10:45:36 ICT" name="closeChromeBrowser" finished-at="2023-12-05T10:45:39 ICT" duration-ms="3190" status="PASS">
          <reporter-output>
          </reporter-output>
        </test-method> <!-- closeChromeBrowser -->
      </class> <!-- automation.testsuite.OrderProduct_Test -->
    </test> <!-- Default test -->
  </suite> <!-- Default suite -->
</testng-results>
