<?xml version="1.0" encoding="UTF-8"?>
<testng-results ignored="0" total="5" passed="5" failed="0" skipped="0">
  <reporter-output>
  </reporter-output>
  <suite started-at="2023-12-05T00:29:54 ICT" name="Default suite" finished-at="2023-12-05T00:31:03 ICT" duration-ms="68274">
    <groups>
    </groups>
    <test started-at="2023-12-05T00:29:54 ICT" name="Default test" finished-at="2023-12-05T00:31:03 ICT" duration-ms="68274">
      <class name="automation.testsuite.RoundTrip_Test">
        <test-method is-config="true" signature="openChromeBrowser()[pri:0, instance:automation.testsuite.RoundTrip_Test@550dbc7a]" started-at="2023-12-05T00:30:05 ICT" name="openChromeBrowser" finished-at="2023-12-05T00:30:09 ICT" duration-ms="4022" status="PASS">
          <reporter-output>
          </reporter-output>
        </test-method> <!-- openChromeBrowser -->
        <test-method signature="roundTrip()[pri:2, instance:automation.testsuite.RoundTrip_Test@550dbc7a]" started-at="2023-12-05T00:30:13 ICT" name="roundTrip" finished-at="2023-12-05T00:30:22 ICT" duration-ms="8876" status="PASS">
          <reporter-output>
          </reporter-output>
        </test-method> <!-- roundTrip -->
        <test-method is-config="true" signature="closeChromeBrowser()[pri:0, instance:automation.testsuite.RoundTrip_Test@550dbc7a]" started-at="2023-12-05T00:30:56 ICT" name="closeChromeBrowser" finished-at="2023-12-05T00:30:59 ICT" duration-ms="3137" status="PASS">
          <reporter-output>
          </reporter-output>
        </test-method> <!-- closeChromeBrowser -->
      </class> <!-- automation.testsuite.RoundTrip_Test -->
      <class name="automation.testsuite.ViewDetail_RoundTrip_Test">
        <test-method is-config="true" signature="openChromeBrowser()[pri:0, instance:automation.testsuite.ViewDetail_RoundTrip_Test@290222c1]" started-at="2023-12-05T00:30:09 ICT" name="openChromeBrowser" finished-at="2023-12-05T00:30:13 ICT" duration-ms="4373" status="PASS">
          <reporter-output>
          </reporter-output>
        </test-method> <!-- openChromeBrowser -->
        <test-method signature="roundTrip()[pri:1, instance:automation.testsuite.ViewDetail_RoundTrip_Test@290222c1]" started-at="2023-12-05T00:30:22 ICT" name="roundTrip" finished-at="2023-12-05T00:30:32 ICT" duration-ms="9988" status="PASS">
          <reporter-output>
          </reporter-output>
        </test-method> <!-- roundTrip -->
        <test-method signature="viewDetail()[pri:2, instance:automation.testsuite.ViewDetail_RoundTrip_Test@290222c1]" started-at="2023-12-05T00:30:32 ICT" name="viewDetail" finished-at="2023-12-05T00:30:33 ICT" duration-ms="1142" status="PASS">
          <reporter-output>
          </reporter-output>
        </test-method> <!-- viewDetail -->
        <test-method is-config="true" signature="closeChromeBrowser()[pri:0, instance:automation.testsuite.ViewDetail_RoundTrip_Test@290222c1]" started-at="2023-12-05T00:30:59 ICT" name="closeChromeBrowser" finished-at="2023-12-05T00:31:03 ICT" duration-ms="3120" status="PASS">
          <reporter-output>
          </reporter-output>
        </test-method> <!-- closeChromeBrowser -->
      </class> <!-- automation.testsuite.ViewDetail_RoundTrip_Test -->
      <class name="automation.testsuite.OneWay_Test">
        <test-method is-config="true" signature="openChromeBrowser()[pri:0, instance:automation.testsuite.OneWay_Test@67f639d3]" started-at="2023-12-05T00:30:00 ICT" name="openChromeBrowser" finished-at="2023-12-05T00:30:05 ICT" duration-ms="5011" status="PASS">
          <reporter-output>
          </reporter-output>
        </test-method> <!-- openChromeBrowser -->
        <test-method signature="oneWay()[pri:1, instance:automation.testsuite.OneWay_Test@67f639d3]" started-at="2023-12-05T00:30:33 ICT" name="oneWay" finished-at="2023-12-05T00:30:39 ICT" duration-ms="5786" status="PASS">
          <reporter-output>
          </reporter-output>
        </test-method> <!-- oneWay -->
        <test-method is-config="true" signature="closeChromeBrowser()[pri:0, instance:automation.testsuite.OneWay_Test@67f639d3]" started-at="2023-12-05T00:30:54 ICT" name="closeChromeBrowser" finished-at="2023-12-05T00:30:56 ICT" duration-ms="2111" status="PASS">
          <reporter-output>
          </reporter-output>
        </test-method> <!-- closeChromeBrowser -->
      </class> <!-- automation.testsuite.OneWay_Test -->
      <class name="automation.testsuite.MultiCity_Test">
        <test-method is-config="true" signature="openChromeBrowser()[pri:0, instance:automation.testsuite.MultiCity_Test@6253c26]" started-at="2023-12-05T00:29:54 ICT" name="openChromeBrowser" finished-at="2023-12-05T00:30:00 ICT" duration-ms="5685" status="PASS">
          <reporter-output>
          </reporter-output>
        </test-method> <!-- openChromeBrowser -->
        <test-method signature="multiCity()[pri:3, instance:automation.testsuite.MultiCity_Test@6253c26]" started-at="2023-12-05T00:30:39 ICT" name="multiCity" finished-at="2023-12-05T00:30:51 ICT" duration-ms="11859" status="PASS">
          <reporter-output>
          </reporter-output>
        </test-method> <!-- multiCity -->
        <test-method is-config="true" signature="closeChromeBrowser()[pri:0, instance:automation.testsuite.MultiCity_Test@6253c26]" started-at="2023-12-05T00:30:51 ICT" name="closeChromeBrowser" finished-at="2023-12-05T00:30:54 ICT" duration-ms="3116" status="PASS">
          <reporter-output>
          </reporter-output>
        </test-method> <!-- closeChromeBrowser -->
      </class> <!-- automation.testsuite.MultiCity_Test -->
    </test> <!-- Default test -->
  </suite> <!-- Default suite -->
</testng-results>
