<?xml version="1.0" encoding="UTF-8"?>
<testng-results ignored="0" total="1" passed="1" failed="0" skipped="0">
  <reporter-output>
  </reporter-output>
  <suite started-at="2023-12-07T11:47:20 ICT" name="Default suite" finished-at="2023-12-07T11:47:38 ICT" duration-ms="17838">
    <groups>
    </groups>
    <test started-at="2023-12-07T11:47:20 ICT" name="Default test" finished-at="2023-12-07T11:47:38 ICT" duration-ms="17838">
      <class name="automation.testsuite.RoundTrip_Test">
        <test-method is-config="true" signature="openChromeBrowser()[pri:0, instance:automation.testsuite.RoundTrip_Test@31fa1761]" started-at="2023-12-07T11:47:20 ICT" name="openChromeBrowser" finished-at="2023-12-07T11:47:26 ICT" duration-ms="5609" status="PASS">
          <reporter-output>
          </reporter-output>
        </test-method> <!-- openChromeBrowser -->
        <test-method signature="roundTrip()[pri:2, instance:automation.testsuite.RoundTrip_Test@31fa1761]" started-at="2023-12-07T11:47:26 ICT" name="roundTrip" finished-at="2023-12-07T11:47:35 ICT" duration-ms="9077" status="PASS">
          <reporter-output>
          </reporter-output>
        </test-method> <!-- roundTrip -->
        <test-method is-config="true" signature="closeChromeBrowser()[pri:0, instance:automation.testsuite.RoundTrip_Test@31fa1761]" started-at="2023-12-07T11:47:35 ICT" name="closeChromeBrowser" finished-at="2023-12-07T11:47:38 ICT" duration-ms="3120" status="PASS">
          <reporter-output>
          </reporter-output>
        </test-method> <!-- closeChromeBrowser -->
      </class> <!-- automation.testsuite.RoundTrip_Test -->
    </test> <!-- Default test -->
  </suite> <!-- Default suite -->
</testng-results>
